[32minfo[39m: The value of PORT is:mongodb://virtual-me-db:04CdcgJ2gXVljQ9rylq5REHzYTnvjUo42neT26pxvMn0cvRcxjBlIJb8Geb0sf1bWeZfEn4GJiDedUcIrpyG9g==@virtual-me-db.mongo.cosmos.azure.com:10255/?ssl=true&retrywrites=false&maxIdleTimeMS=120000&appName=@virtual-me-db@
[32minfo[39m: Express server started on port: 5000
[32minfo[39m: [object Object]
[32minfo[39m: Connected to MongoDB
[32minfo[39m: The value of PORT is:mongodb://virtual-me-db:04CdcgJ2gXVljQ9rylq5REHzYTnvjUo42neT26pxvMn0cvRcxjBlIJb8Geb0sf1bWeZfEn4GJiDedUcIrpyG9g==@virtual-me-db.mongo.cosmos.azure.com:10255/?ssl=true&retrywrites=false&maxIdleTimeMS=120000&appName=@virtual-me-db@
[32minfo[39m: Express server started on port: 5000
[32minfo[39m: [object Object]
[32minfo[39m: Connected to MongoDB
[32minfo[39m: The value of PORT is:mongodb://virtual-me-db:04CdcgJ2gXVljQ9rylq5REHzYTnvjUo42neT26pxvMn0cvRcxjBlIJb8Geb0sf1bWeZfEn4GJiDedUcIrpyG9g==@virtual-me-db.mongo.cosmos.azure.com:10255/?ssl=true&retrywrites=false&maxIdleTimeMS=120000&appName=@virtual-me-db@
[32minfo[39m: Express server started on port: 5000
[32minfo[39m: Connected to MongoDB
[32minfo[39m: [object Object]
[32minfo[39m: The value of PORT is:mongodb://virtual-me-db:04CdcgJ2gXVljQ9rylq5REHzYTnvjUo42neT26pxvMn0cvRcxjBlIJb8Geb0sf1bWeZfEn4GJiDedUcIrpyG9g==@virtual-me-db.mongo.cosmos.azure.com:10255/?ssl=true&retrywrites=false&maxIdleTimeMS=120000&appName=@virtual-me-db@
[32minfo[39m: Express server started on port: 5000
[32minfo[39m: [object Object]
[32minfo[39m: Connected to MongoDB
[32minfo[39m: The value of PORT is:mongodb://virtual-me-db:04CdcgJ2gXVljQ9rylq5REHzYTnvjUo42neT26pxvMn0cvRcxjBlIJb8Geb0sf1bWeZfEn4GJiDedUcIrpyG9g==@virtual-me-db.mongo.cosmos.azure.com:10255/?ssl=true&retrywrites=false&maxIdleTimeMS=120000&appName=@virtual-me-db@
[32minfo[39m: Express server started on port: 5000
[32minfo[39m: [object Object]
[32minfo[39m: Connected to MongoDB
[32minfo[39m: The value of PORT is:mongodb://virtual-me-db:04CdcgJ2gXVljQ9rylq5REHzYTnvjUo42neT26pxvMn0cvRcxjBlIJb8Geb0sf1bWeZfEn4GJiDedUcIrpyG9g==@virtual-me-db.mongo.cosmos.azure.com:10255/?ssl=true&retrywrites=false&maxIdleTimeMS=120000&appName=@virtual-me-db@
[32minfo[39m: Express server started on port: 5000
[32minfo[39m: [object Object]
[32minfo[39m: Connected to MongoDB
[32minfo[39m: The value of PORT is:mongodb://virtual-me-db:04CdcgJ2gXVljQ9rylq5REHzYTnvjUo42neT26pxvMn0cvRcxjBlIJb8Geb0sf1bWeZfEn4GJiDedUcIrpyG9g==@virtual-me-db.mongo.cosmos.azure.com:10255/?ssl=true&retrywrites=false&maxIdleTimeMS=120000&appName=@virtual-me-db@
[32minfo[39m: Express server started on port: 5000
[32minfo[39m: [object Object]
[32minfo[39m: Connected to MongoDB
[32minfo[39m: The value of PORT is:mongodb://virtual-me-db:04CdcgJ2gXVljQ9rylq5REHzYTnvjUo42neT26pxvMn0cvRcxjBlIJb8Geb0sf1bWeZfEn4GJiDedUcIrpyG9g==@virtual-me-db.mongo.cosmos.azure.com:10255/?ssl=true&retrywrites=false&maxIdleTimeMS=120000&appName=@virtual-me-db@
[32minfo[39m: Express server started on port: 5000
[32minfo[39m: [object Object]
[32minfo[39m: Connected to MongoDB
[32minfo[39m: The value of PORT is:mongodb://virtual-me-db:04CdcgJ2gXVljQ9rylq5REHzYTnvjUo42neT26pxvMn0cvRcxjBlIJb8Geb0sf1bWeZfEn4GJiDedUcIrpyG9g==@virtual-me-db.mongo.cosmos.azure.com:10255/?ssl=true&retrywrites=false&maxIdleTimeMS=120000&appName=@virtual-me-db@
[32minfo[39m: Express server started on port: 5000
[32minfo[39m: [object Object]
[32minfo[39m: Connected to MongoDB
[32minfo[39m: The value of PORT is:mongodb://virtual-me-db:04CdcgJ2gXVljQ9rylq5REHzYTnvjUo42neT26pxvMn0cvRcxjBlIJb8Geb0sf1bWeZfEn4GJiDedUcIrpyG9g==@virtual-me-db.mongo.cosmos.azure.com:10255/?ssl=true&retrywrites=false&maxIdleTimeMS=120000&appName=@virtual-me-db@
[32minfo[39m: Express server started on port: 5000
[32minfo[39m: Connected to MongoDB
[32minfo[39m: [object Object]
[32minfo[39m: The value of PORT is:mongodb://virtual-me-db:04CdcgJ2gXVljQ9rylq5REHzYTnvjUo42neT26pxvMn0cvRcxjBlIJb8Geb0sf1bWeZfEn4GJiDedUcIrpyG9g==@virtual-me-db.mongo.cosmos.azure.com:10255/?ssl=true&retrywrites=false&maxIdleTimeMS=120000&appName=@virtual-me-db@
[32minfo[39m: Express server started on port: 5000
[32minfo[39m: [object Object]
[32minfo[39m: Connected to MongoDB
[32minfo[39m: The value of PORT is:mongodb://virtual-me-db:04CdcgJ2gXVljQ9rylq5REHzYTnvjUo42neT26pxvMn0cvRcxjBlIJb8Geb0sf1bWeZfEn4GJiDedUcIrpyG9g==@virtual-me-db.mongo.cosmos.azure.com:10255/?ssl=true&retrywrites=false&maxIdleTimeMS=120000&appName=@virtual-me-db@
[32minfo[39m: Express server started on port: 5000
[32minfo[39m: [object Object]
[32minfo[39m: Connected to MongoDB
[32minfo[39m: The value of PORT is:mongodb://virtual-me-db:04CdcgJ2gXVljQ9rylq5REHzYTnvjUo42neT26pxvMn0cvRcxjBlIJb8Geb0sf1bWeZfEn4GJiDedUcIrpyG9g==@virtual-me-db.mongo.cosmos.azure.com:10255/?ssl=true&retrywrites=false&maxIdleTimeMS=120000&appName=@virtual-me-db@
[32minfo[39m: Express server started on port: 5000
[32minfo[39m: Received SAP CAI API token
[32minfo[39m: [object Object]
[32minfo[39m: Connected to MongoDB
[32minfo[39m: The value of PORT is:mongodb://virtual-me-db:04CdcgJ2gXVljQ9rylq5REHzYTnvjUo42neT26pxvMn0cvRcxjBlIJb8Geb0sf1bWeZfEn4GJiDedUcIrpyG9g==@virtual-me-db.mongo.cosmos.azure.com:10255/?ssl=true&retrywrites=false&maxIdleTimeMS=120000&appName=@virtual-me-db@
[32minfo[39m: Express server started on port: 5000
[32minfo[39m: Received SAP CAI API token
[32minfo[39m: [object Object]
[32minfo[39m: Connected to MongoDB
[32minfo[39m: The value of PORT is:mongodb://virtual-me-db:04CdcgJ2gXVljQ9rylq5REHzYTnvjUo42neT26pxvMn0cvRcxjBlIJb8Geb0sf1bWeZfEn4GJiDedUcIrpyG9g==@virtual-me-db.mongo.cosmos.azure.com:10255/?ssl=true&retrywrites=false&maxIdleTimeMS=120000&appName=@virtual-me-db@
[32minfo[39m: Express server started on port: 5000
[32minfo[39m: Connected to MongoDB
[32minfo[39m: Received SAP CAI API token
[32minfo[39m: [object Object]
[32minfo[39m: The value of PORT is:mongodb://virtual-me-db:04CdcgJ2gXVljQ9rylq5REHzYTnvjUo42neT26pxvMn0cvRcxjBlIJb8Geb0sf1bWeZfEn4GJiDedUcIrpyG9g==@virtual-me-db.mongo.cosmos.azure.com:10255/?ssl=true&retrywrites=false&maxIdleTimeMS=120000&appName=@virtual-me-db@
[32minfo[39m: Express server started on port: 5000
[32minfo[39m: Received SAP CAI API token
[32minfo[39m: [object Object]
[32minfo[39m: Connected to MongoDB
[32minfo[39m: {
  role: 1,
  _id: 60c131fc310316a2a5fb0be1,
  name: 'test',
  email: 'defaul@email.com',
  login: 'test',
  password: '$2b$10$0Q6K/Txje6YyqBaJ7F83cOsUz/vz39eNp18wgIDbB7SrcUl5hrZfS',
  created_at: 2021-06-09T21:26:20.207Z,
  updated_at: 2021-06-10T13:24:59.626Z,
  __v: 0,
  session: {
    conversation: { conversation_id: 'a3b427d1-7686-42a7-83e4-184c9cfaf6ee' }
  }
}
[32minfo[39m: The value of PORT is:mongodb://virtual-me-db:04CdcgJ2gXVljQ9rylq5REHzYTnvjUo42neT26pxvMn0cvRcxjBlIJb8Geb0sf1bWeZfEn4GJiDedUcIrpyG9g==@virtual-me-db.mongo.cosmos.azure.com:10255/?ssl=true&retrywrites=false&maxIdleTimeMS=120000&appName=@virtual-me-db@
[32minfo[39m: Express server started on port: 5000
[32minfo[39m: Connected to MongoDB
[32minfo[39m: Received SAP CAI API token
[32minfo[39m: [object Object]
[32minfo[39m: {
  role: 1,
  _id: 60c131fc310316a2a5fb0be1,
  name: 'test',
  email: 'defaul@email.com',
  login: 'test',
  password: '$2b$10$0Q6K/Txje6YyqBaJ7F83cOsUz/vz39eNp18wgIDbB7SrcUl5hrZfS',
  created_at: 2021-06-09T21:26:20.207Z,
  updated_at: 2021-06-10T13:24:59.626Z,
  __v: 0,
  session: {
    conversation: { conversation_id: 'a3b427d1-7686-42a7-83e4-184c9cfaf6ee' }
  }
}
[32minfo[39m: [object Object]
[32minfo[39m: The value of PORT is:mongodb://virtual-me-db:04CdcgJ2gXVljQ9rylq5REHzYTnvjUo42neT26pxvMn0cvRcxjBlIJb8Geb0sf1bWeZfEn4GJiDedUcIrpyG9g==@virtual-me-db.mongo.cosmos.azure.com:10255/?ssl=true&retrywrites=false&maxIdleTimeMS=120000&appName=@virtual-me-db@
[32minfo[39m: Express server started on port: 5000
[32minfo[39m: Connected to MongoDB
[32minfo[39m: Received SAP CAI API token
[32minfo[39m: [object Object]
[32minfo[39m: {
  role: 1,
  _id: 60c131fc310316a2a5fb0be1,
  name: 'test',
  email: 'defaul@email.com',
  login: 'test',
  password: '$2b$10$0Q6K/Txje6YyqBaJ7F83cOsUz/vz39eNp18wgIDbB7SrcUl5hrZfS',
  created_at: 2021-06-09T21:26:20.207Z,
  updated_at: 2021-06-10T13:24:59.626Z,
  __v: 0,
  session: {
    conversation: { conversation_id: 'a3b427d1-7686-42a7-83e4-184c9cfaf6ee' }
  }
}
[32minfo[39m: The value of PORT is:mongodb://virtual-me-db:04CdcgJ2gXVljQ9rylq5REHzYTnvjUo42neT26pxvMn0cvRcxjBlIJb8Geb0sf1bWeZfEn4GJiDedUcIrpyG9g==@virtual-me-db.mongo.cosmos.azure.com:10255/?ssl=true&retrywrites=false&maxIdleTimeMS=120000&appName=@virtual-me-db@
[32minfo[39m: Express server started on port: 5000
[32minfo[39m: Received SAP CAI API token
[32minfo[39m: [object Object]
[32minfo[39m: Connected to MongoDB
[32minfo[39m: {
  role: 1,
  _id: 60c131fc310316a2a5fb0be1,
  name: 'test',
  email: 'defaul@email.com',
  login: 'test',
  password: '$2b$10$0Q6K/Txje6YyqBaJ7F83cOsUz/vz39eNp18wgIDbB7SrcUl5hrZfS',
  created_at: 2021-06-09T21:26:20.207Z,
  updated_at: 2021-06-10T13:24:59.626Z,
  __v: 0,
  session: {
    conversation: { conversation_id: 'a3b427d1-7686-42a7-83e4-184c9cfaf6ee' }
  }
}
[32minfo[39m: [object Object]
[32minfo[39m: The value of PORT is:mongodb://virtual-me-db:04CdcgJ2gXVljQ9rylq5REHzYTnvjUo42neT26pxvMn0cvRcxjBlIJb8Geb0sf1bWeZfEn4GJiDedUcIrpyG9g==@virtual-me-db.mongo.cosmos.azure.com:10255/?ssl=true&retrywrites=false&maxIdleTimeMS=120000&appName=@virtual-me-db@
[32minfo[39m: Express server started on port: 5000
[32minfo[39m: Connected to MongoDB
[32minfo[39m: {
  role: 1,
  _id: 60c131fc310316a2a5fb0be1,
  name: 'test',
  email: 'defaul@email.com',
  login: 'test',
  password: '$2b$10$0Q6K/Txje6YyqBaJ7F83cOsUz/vz39eNp18wgIDbB7SrcUl5hrZfS',
  created_at: 2021-06-09T21:26:20.207Z,
  updated_at: 2021-06-10T13:24:59.626Z,
  __v: 0,
  session: {
    conversation: { conversation_id: 'a3b427d1-7686-42a7-83e4-184c9cfaf6ee' }
  }
}
[32minfo[39m: The value of PORT is:mongodb://virtual-me-db:04CdcgJ2gXVljQ9rylq5REHzYTnvjUo42neT26pxvMn0cvRcxjBlIJb8Geb0sf1bWeZfEn4GJiDedUcIrpyG9g==@virtual-me-db.mongo.cosmos.azure.com:10255/?ssl=true&retrywrites=false&maxIdleTimeMS=120000&appName=@virtual-me-db@
[32minfo[39m: Express server started on port: 5000
[32minfo[39m: Received SAP CAI API token
[32minfo[39m: [object Object]
[32minfo[39m: Connected to MongoDB
[32minfo[39m: {
  role: 1,
  _id: 60c131fc310316a2a5fb0be1,
  name: 'test',
  email: 'defaul@email.com',
  login: 'test',
  password: '$2b$10$0Q6K/Txje6YyqBaJ7F83cOsUz/vz39eNp18wgIDbB7SrcUl5hrZfS',
  created_at: 2021-06-09T21:26:20.207Z,
  updated_at: 2021-06-10T13:24:59.626Z,
  __v: 0,
  session: {
    conversation: { conversation_id: 'a3b427d1-7686-42a7-83e4-184c9cfaf6ee' }
  }
}
[32minfo[39m: The value of PORT is:mongodb://virtual-me-db:04CdcgJ2gXVljQ9rylq5REHzYTnvjUo42neT26pxvMn0cvRcxjBlIJb8Geb0sf1bWeZfEn4GJiDedUcIrpyG9g==@virtual-me-db.mongo.cosmos.azure.com:10255/?ssl=true&retrywrites=false&maxIdleTimeMS=120000&appName=@virtual-me-db@
[32minfo[39m: Express server started on port: 5000
[32minfo[39m: Received SAP CAI API token
[32minfo[39m: [object Object]
[32minfo[39m: Connected to MongoDB
[32minfo[39m: {
  role: 1,
  _id: 60c131fc310316a2a5fb0be1,
  name: 'test',
  email: 'defaul@email.com',
  login: 'test',
  password: '$2b$10$0Q6K/Txje6YyqBaJ7F83cOsUz/vz39eNp18wgIDbB7SrcUl5hrZfS',
  created_at: 2021-06-09T21:26:20.207Z,
  updated_at: 2021-06-10T13:24:59.626Z,
  __v: 0,
  session: {
    conversation: { conversation_id: 'a3b427d1-7686-42a7-83e4-184c9cfaf6ee' }
  }
}
[32minfo[39m: jytbusJJgVqAvkYdAAAB
[32minfo[39m: The value of PORT is:mongodb://virtual-me-db:04CdcgJ2gXVljQ9rylq5REHzYTnvjUo42neT26pxvMn0cvRcxjBlIJb8Geb0sf1bWeZfEn4GJiDedUcIrpyG9g==@virtual-me-db.mongo.cosmos.azure.com:10255/?ssl=true&retrywrites=false&maxIdleTimeMS=120000&appName=@virtual-me-db@
[32minfo[39m: Express server started on port: 5000
[32minfo[39m: Received SAP CAI API token
[32minfo[39m: [object Object]
[32minfo[39m: Connected to MongoDB
[32minfo[39m: {
  role: 1,
  _id: 60c131fc310316a2a5fb0be1,
  name: 'test',
  email: 'defaul@email.com',
  login: 'test',
  password: '$2b$10$0Q6K/Txje6YyqBaJ7F83cOsUz/vz39eNp18wgIDbB7SrcUl5hrZfS',
  created_at: 2021-06-09T21:26:20.207Z,
  updated_at: 2021-06-10T13:24:59.626Z,
  __v: 0,
  session: {
    conversation: { conversation_id: 'a3b427d1-7686-42a7-83e4-184c9cfaf6ee' }
  }
}
[32minfo[39m: 31NAHeN8c8di5nmkAAAB
[32minfo[39m: The value of PORT is:mongodb://virtual-me-db:04CdcgJ2gXVljQ9rylq5REHzYTnvjUo42neT26pxvMn0cvRcxjBlIJb8Geb0sf1bWeZfEn4GJiDedUcIrpyG9g==@virtual-me-db.mongo.cosmos.azure.com:10255/?ssl=true&retrywrites=false&maxIdleTimeMS=120000&appName=@virtual-me-db@
[32minfo[39m: Express server started on port: 5000
[32minfo[39m: Received SAP CAI API token
[32minfo[39m: [object Object]
[32minfo[39m: Connected to MongoDB
[32minfo[39m: {
  role: 1,
  _id: 60c131fc310316a2a5fb0be1,
  name: 'test',
  email: 'defaul@email.com',
  login: 'test',
  password: '$2b$10$0Q6K/Txje6YyqBaJ7F83cOsUz/vz39eNp18wgIDbB7SrcUl5hrZfS',
  created_at: 2021-06-09T21:26:20.207Z,
  updated_at: 2021-06-10T13:24:59.626Z,
  __v: 0,
  session: {
    conversation: { conversation_id: 'a3b427d1-7686-42a7-83e4-184c9cfaf6ee' }
  }
}
[32minfo[39m: lQL_4JM1ArAmZ6flAAAB
[32minfo[39m: The value of PORT is:mongodb://virtual-me-db:04CdcgJ2gXVljQ9rylq5REHzYTnvjUo42neT26pxvMn0cvRcxjBlIJb8Geb0sf1bWeZfEn4GJiDedUcIrpyG9g==@virtual-me-db.mongo.cosmos.azure.com:10255/?ssl=true&retrywrites=false&maxIdleTimeMS=120000&appName=@virtual-me-db@
[32minfo[39m: Express server started on port: 5000
[32minfo[39m: Received SAP CAI API token
[32minfo[39m: [object Object]
[32minfo[39m: Connected to MongoDB
[32minfo[39m: {
  role: 1,
  _id: 60c131fc310316a2a5fb0be1,
  name: 'test',
  email: 'defaul@email.com',
  login: 'test',
  password: '$2b$10$0Q6K/Txje6YyqBaJ7F83cOsUz/vz39eNp18wgIDbB7SrcUl5hrZfS',
  created_at: 2021-06-09T21:26:20.207Z,
  updated_at: 2021-06-10T13:24:59.626Z,
  __v: 0,
  session: {
    conversation: { conversation_id: 'a3b427d1-7686-42a7-83e4-184c9cfaf6ee' }
  }
}
[32minfo[39m: MM14g7YYQYU8o8N_AAAB
[32minfo[39m: The value of PORT is:mongodb://virtual-me-db:04CdcgJ2gXVljQ9rylq5REHzYTnvjUo42neT26pxvMn0cvRcxjBlIJb8Geb0sf1bWeZfEn4GJiDedUcIrpyG9g==@virtual-me-db.mongo.cosmos.azure.com:10255/?ssl=true&retrywrites=false&maxIdleTimeMS=120000&appName=@virtual-me-db@
[32minfo[39m: Express server started on port: 5000
[32minfo[39m: Connected to MongoDB
[32minfo[39m: Received SAP CAI API token
[32minfo[39m: [object Object]
[32minfo[39m: The value of PORT is:mongodb://virtual-me-db:04CdcgJ2gXVljQ9rylq5REHzYTnvjUo42neT26pxvMn0cvRcxjBlIJb8Geb0sf1bWeZfEn4GJiDedUcIrpyG9g==@virtual-me-db.mongo.cosmos.azure.com:10255/?ssl=true&retrywrites=false&maxIdleTimeMS=120000&appName=@virtual-me-db@
[32minfo[39m: Express server started on port: 5000
[32minfo[39m: Received SAP CAI API token
[32minfo[39m: [object Object]
[32minfo[39m: Connected to MongoDB
[32minfo[39m: {
  role: 1,
  _id: 60c131fc310316a2a5fb0be1,
  name: 'test',
  email: 'defaul@email.com',
  login: 'test',
  password: '$2b$10$0Q6K/Txje6YyqBaJ7F83cOsUz/vz39eNp18wgIDbB7SrcUl5hrZfS',
  created_at: 2021-06-09T21:26:20.207Z,
  updated_at: 2021-06-10T13:24:59.626Z,
  __v: 0,
  session: {
    conversation: { conversation_id: 'a3b427d1-7686-42a7-83e4-184c9cfaf6ee' }
  }
}
[32minfo[39m: e-6NFdM4Fo3syp7KAAAB
[32minfo[39m: The value of PORT is:mongodb://virtual-me-db:04CdcgJ2gXVljQ9rylq5REHzYTnvjUo42neT26pxvMn0cvRcxjBlIJb8Geb0sf1bWeZfEn4GJiDedUcIrpyG9g==@virtual-me-db.mongo.cosmos.azure.com:10255/?ssl=true&retrywrites=false&maxIdleTimeMS=120000&appName=@virtual-me-db@
[32minfo[39m: Express server started on port: 5000
[32minfo[39m: Received SAP CAI API token
[32minfo[39m: [object Object]
[32minfo[39m: Connected to MongoDB
[32minfo[39m: {
  role: 1,
  _id: 60c131fc310316a2a5fb0be1,
  name: 'test',
  email: 'defaul@email.com',
  login: 'test',
  password: '$2b$10$0Q6K/Txje6YyqBaJ7F83cOsUz/vz39eNp18wgIDbB7SrcUl5hrZfS',
  created_at: 2021-06-09T21:26:20.207Z,
  updated_at: 2021-06-10T13:24:59.626Z,
  __v: 0,
  session: {
    conversation: { conversation_id: 'a3b427d1-7686-42a7-83e4-184c9cfaf6ee' }
  }
}
[32minfo[39m: uHQXKuFz_gN4q9sFAAAB
[32minfo[39m: The value of PORT is:mongodb://virtual-me-db:04CdcgJ2gXVljQ9rylq5REHzYTnvjUo42neT26pxvMn0cvRcxjBlIJb8Geb0sf1bWeZfEn4GJiDedUcIrpyG9g==@virtual-me-db.mongo.cosmos.azure.com:10255/?ssl=true&retrywrites=false&maxIdleTimeMS=120000&appName=@virtual-me-db@
[32minfo[39m: Express server started on port: 5000
[32minfo[39m: Received SAP CAI API token
[32minfo[39m: [object Object]
[32minfo[39m: Connected to MongoDB
[32minfo[39m: The value of PORT is:mongodb://virtual-me-db:04CdcgJ2gXVljQ9rylq5REHzYTnvjUo42neT26pxvMn0cvRcxjBlIJb8Geb0sf1bWeZfEn4GJiDedUcIrpyG9g==@virtual-me-db.mongo.cosmos.azure.com:10255/?ssl=true&retrywrites=false&maxIdleTimeMS=120000&appName=@virtual-me-db@
[32minfo[39m: Express server started on port: 5000
[32minfo[39m: Received SAP CAI API token
[32minfo[39m: [object Object]
[32minfo[39m: Connected to MongoDB
[32minfo[39m: The value of PORT is:mongodb://virtual-me-db:04CdcgJ2gXVljQ9rylq5REHzYTnvjUo42neT26pxvMn0cvRcxjBlIJb8Geb0sf1bWeZfEn4GJiDedUcIrpyG9g==@virtual-me-db.mongo.cosmos.azure.com:10255/?ssl=true&retrywrites=false&maxIdleTimeMS=120000&appName=@virtual-me-db@
[32minfo[39m: Express server started on port: 5000
[32minfo[39m: Received SAP CAI API token
[32minfo[39m: [object Object]
[32minfo[39m: Connected to MongoDB
[32minfo[39m: {
  role: 1,
  _id: 60c131fc310316a2a5fb0be1,
  name: 'test',
  email: 'defaul@email.com',
  login: 'test',
  password: '$2b$10$0Q6K/Txje6YyqBaJ7F83cOsUz/vz39eNp18wgIDbB7SrcUl5hrZfS',
  created_at: 2021-06-09T21:26:20.207Z,
  updated_at: 2021-06-10T13:24:59.626Z,
  __v: 0,
  session: {
    conversation: { conversation_id: 'a3b427d1-7686-42a7-83e4-184c9cfaf6ee' }
  }
}
[32minfo[39m: U2Nc1flDxUyEwe2dAAAB
[32minfo[39m: {
  role: 1,
  _id: 60c131fc310316a2a5fb0be1,
  name: 'test',
  email: 'defaul@email.com',
  login: 'test',
  password: '$2b$10$0Q6K/Txje6YyqBaJ7F83cOsUz/vz39eNp18wgIDbB7SrcUl5hrZfS',
  created_at: 2021-06-09T21:26:20.207Z,
  updated_at: 2021-06-20T18:15:59.735Z,
  __v: 0,
  session: {
    conversation: { conversation_id: 'a3b427d1-7686-42a7-83e4-184c9cfaf6ee' },
    socketId: 'U2Nc1flDxUyEwe2dAAAB'
  }
}
[32minfo[39m: aUEnCnUgv9A0t7D3AAAD
[32minfo[39m: {
  role: 1,
  _id: 60c131fc310316a2a5fb0be1,
  name: 'test',
  email: 'defaul@email.com',
  login: 'test',
  password: '$2b$10$0Q6K/Txje6YyqBaJ7F83cOsUz/vz39eNp18wgIDbB7SrcUl5hrZfS',
  created_at: 2021-06-09T21:26:20.207Z,
  updated_at: 2021-06-20T18:16:21.376Z,
  __v: 0,
  session: {
    conversation: { conversation_id: 'a3b427d1-7686-42a7-83e4-184c9cfaf6ee' },
    socketId: 'aUEnCnUgv9A0t7D3AAAD'
  }
}
[32minfo[39m: 07bVOjGe0OvufxJTAAAF
[32minfo[39m: {
  role: 1,
  _id: 60c131fc310316a2a5fb0be1,
  name: 'test',
  email: 'defaul@email.com',
  login: 'test',
  password: '$2b$10$0Q6K/Txje6YyqBaJ7F83cOsUz/vz39eNp18wgIDbB7SrcUl5hrZfS',
  created_at: 2021-06-09T21:26:20.207Z,
  updated_at: 2021-06-20T18:16:48.845Z,
  __v: 0,
  session: {
    conversation: { conversation_id: 'a3b427d1-7686-42a7-83e4-184c9cfaf6ee' },
    socketId: '07bVOjGe0OvufxJTAAAF'
  }
}
[32minfo[39m: xykLpaXlk3t5u5qRAAAH
[32minfo[39m: {
  role: 1,
  _id: 60c131fc310316a2a5fb0be1,
  name: 'test',
  email: 'defaul@email.com',
  login: 'test',
  password: '$2b$10$0Q6K/Txje6YyqBaJ7F83cOsUz/vz39eNp18wgIDbB7SrcUl5hrZfS',
  created_at: 2021-06-09T21:26:20.207Z,
  updated_at: 2021-06-20T18:18:37.672Z,
  __v: 0,
  session: {
    conversation: { conversation_id: 'a3b427d1-7686-42a7-83e4-184c9cfaf6ee' },
    socketId: 'xykLpaXlk3t5u5qRAAAH'
  }
}
[32minfo[39m: zYuYAD5vTxdxTjPBAAAJ
[32minfo[39m: {
  role: 1,
  _id: 60c131fc310316a2a5fb0be1,
  name: 'test',
  email: 'defaul@email.com',
  login: 'test',
  password: '$2b$10$0Q6K/Txje6YyqBaJ7F83cOsUz/vz39eNp18wgIDbB7SrcUl5hrZfS',
  created_at: 2021-06-09T21:26:20.207Z,
  updated_at: 2021-06-20T18:19:17.900Z,
  __v: 0,
  session: {
    conversation: { conversation_id: 'a3b427d1-7686-42a7-83e4-184c9cfaf6ee' },
    socketId: 'zYuYAD5vTxdxTjPBAAAJ'
  }
}
[32minfo[39m: -cbN3xKQXnMye-BjAAAL
[32minfo[39m: {
  role: 1,
  _id: 60c131fc310316a2a5fb0be1,
  name: 'test',
  email: 'defaul@email.com',
  login: 'test',
  password: '$2b$10$0Q6K/Txje6YyqBaJ7F83cOsUz/vz39eNp18wgIDbB7SrcUl5hrZfS',
  created_at: 2021-06-09T21:26:20.207Z,
  updated_at: 2021-06-20T18:19:30.673Z,
  __v: 0,
  session: {
    conversation: { conversation_id: 'a3b427d1-7686-42a7-83e4-184c9cfaf6ee' },
    socketId: '-cbN3xKQXnMye-BjAAAL'
  }
}
[32minfo[39m: FaZXrTH-bMQx0kjFAAAN
[32minfo[39m: {
  role: 1,
  _id: 60c131fc310316a2a5fb0be1,
  name: 'test',
  email: 'defaul@email.com',
  login: 'test',
  password: '$2b$10$0Q6K/Txje6YyqBaJ7F83cOsUz/vz39eNp18wgIDbB7SrcUl5hrZfS',
  created_at: 2021-06-09T21:26:20.207Z,
  updated_at: 2021-06-20T18:20:03.046Z,
  __v: 0,
  session: {
    conversation: { conversation_id: 'a3b427d1-7686-42a7-83e4-184c9cfaf6ee' },
    socketId: 'FaZXrTH-bMQx0kjFAAAN'
  }
}
[32minfo[39m: NeTg4t4nM-EJrbRKAAAP
[32minfo[39m: {
  role: 1,
  _id: 60c131fc310316a2a5fb0be1,
  name: 'test',
  email: 'defaul@email.com',
  login: 'test',
  password: '$2b$10$0Q6K/Txje6YyqBaJ7F83cOsUz/vz39eNp18wgIDbB7SrcUl5hrZfS',
  created_at: 2021-06-09T21:26:20.207Z,
  updated_at: 2021-06-20T18:20:55.582Z,
  __v: 0,
  session: {
    conversation: { conversation_id: 'a3b427d1-7686-42a7-83e4-184c9cfaf6ee' },
    socketId: 'NeTg4t4nM-EJrbRKAAAP'
  }
}
[32minfo[39m: 3TZ8yelpmFoKi4wBAAAR
[32minfo[39m: The value of PORT is:mongodb://virtual-me-db:04CdcgJ2gXVljQ9rylq5REHzYTnvjUo42neT26pxvMn0cvRcxjBlIJb8Geb0sf1bWeZfEn4GJiDedUcIrpyG9g==@virtual-me-db.mongo.cosmos.azure.com:10255/?ssl=true&retrywrites=false&maxIdleTimeMS=120000&appName=@virtual-me-db@
[32minfo[39m: Express server started on port: 5000
[32minfo[39m: Received SAP CAI API token
[32minfo[39m: [object Object]
[32minfo[39m: Connected to MongoDB
[32minfo[39m: {
  role: 1,
  _id: 60c131fc310316a2a5fb0be1,
  name: 'test',
  email: 'defaul@email.com',
  login: 'test',
  password: '$2b$10$0Q6K/Txje6YyqBaJ7F83cOsUz/vz39eNp18wgIDbB7SrcUl5hrZfS',
  created_at: 2021-06-09T21:26:20.207Z,
  updated_at: 2021-06-20T18:21:34.051Z,
  __v: 0,
  session: {
    conversation: { conversation_id: 'a3b427d1-7686-42a7-83e4-184c9cfaf6ee' },
    socketId: '3TZ8yelpmFoKi4wBAAAR'
  }
}
[32minfo[39m: 6s9qV_rSexnK5NjdAAAB
[32minfo[39m: The value of PORT is:mongodb://virtual-me-db:04CdcgJ2gXVljQ9rylq5REHzYTnvjUo42neT26pxvMn0cvRcxjBlIJb8Geb0sf1bWeZfEn4GJiDedUcIrpyG9g==@virtual-me-db.mongo.cosmos.azure.com:10255/?ssl=true&retrywrites=false&maxIdleTimeMS=120000&appName=@virtual-me-db@
[32minfo[39m: Express server started on port: 5000
[32minfo[39m: Received SAP CAI API token
[32minfo[39m: [object Object]
[32minfo[39m: Connected to MongoDB
[32minfo[39m: {
  role: 1,
  _id: 60c131fc310316a2a5fb0be1,
  name: 'test',
  email: 'defaul@email.com',
  login: 'test',
  password: '$2b$10$0Q6K/Txje6YyqBaJ7F83cOsUz/vz39eNp18wgIDbB7SrcUl5hrZfS',
  created_at: 2021-06-09T21:26:20.207Z,
  updated_at: 2021-06-20T18:54:29.636Z,
  __v: 0,
  session: {
    conversation: { conversation_id: 'a3b427d1-7686-42a7-83e4-184c9cfaf6ee' },
    socketId: '6s9qV_rSexnK5NjdAAAB'
  }
}
[32minfo[39m: Zs8n5Ep95rFnMP6GAAAB
[32minfo[39m: The value of PORT is:mongodb://virtual-me-db:04CdcgJ2gXVljQ9rylq5REHzYTnvjUo42neT26pxvMn0cvRcxjBlIJb8Geb0sf1bWeZfEn4GJiDedUcIrpyG9g==@virtual-me-db.mongo.cosmos.azure.com:10255/?ssl=true&retrywrites=false&maxIdleTimeMS=120000&appName=@virtual-me-db@
[32minfo[39m: Express server started on port: 5000
[32minfo[39m: Connected to MongoDB
[32minfo[39m: Received SAP CAI API token
[32minfo[39m: [object Object]
[32minfo[39m: {
  role: 1,
  _id: 60c131fc310316a2a5fb0be1,
  name: 'test',
  email: 'defaul@email.com',
  login: 'test',
  password: '$2b$10$0Q6K/Txje6YyqBaJ7F83cOsUz/vz39eNp18wgIDbB7SrcUl5hrZfS',
  created_at: 2021-06-09T21:26:20.207Z,
  updated_at: 2021-06-20T18:55:56.861Z,
  __v: 0,
  session: {
    conversation: { conversation_id: 'a3b427d1-7686-42a7-83e4-184c9cfaf6ee' },
    socketId: 'Zs8n5Ep95rFnMP6GAAAB'
  }
}
[32minfo[39m: UBHVoT1bmC2RIKuqAAAB
[32minfo[39m: The value of PORT is:mongodb://virtual-me-db:04CdcgJ2gXVljQ9rylq5REHzYTnvjUo42neT26pxvMn0cvRcxjBlIJb8Geb0sf1bWeZfEn4GJiDedUcIrpyG9g==@virtual-me-db.mongo.cosmos.azure.com:10255/?ssl=true&retrywrites=false&maxIdleTimeMS=120000&appName=@virtual-me-db@
[32minfo[39m: Express server started on port: 5000
[32minfo[39m: Connected to MongoDB
[32minfo[39m: Received SAP CAI API token
[32minfo[39m: [object Object]
[32minfo[39m: {
  role: 1,
  _id: 60c131fc310316a2a5fb0be1,
  name: 'test',
  email: 'defaul@email.com',
  login: 'test',
  password: '$2b$10$0Q6K/Txje6YyqBaJ7F83cOsUz/vz39eNp18wgIDbB7SrcUl5hrZfS',
  created_at: 2021-06-09T21:26:20.207Z,
  updated_at: 2021-06-20T18:56:19.900Z,
  __v: 0,
  session: {
    conversation: { conversation_id: 'a3b427d1-7686-42a7-83e4-184c9cfaf6ee' },
    socketId: 'UBHVoT1bmC2RIKuqAAAB'
  }
}
[32minfo[39m: 6qLW1ttafy1KIkuMAAAB
[32minfo[39m: The value of PORT is:mongodb://virtual-me-db:04CdcgJ2gXVljQ9rylq5REHzYTnvjUo42neT26pxvMn0cvRcxjBlIJb8Geb0sf1bWeZfEn4GJiDedUcIrpyG9g==@virtual-me-db.mongo.cosmos.azure.com:10255/?ssl=true&retrywrites=false&maxIdleTimeMS=120000&appName=@virtual-me-db@
[32minfo[39m: Express server started on port: 5000
[32minfo[39m: Connected to MongoDB
[32minfo[39m: Received SAP CAI API token
[32minfo[39m: [object Object]
[32minfo[39m: {
  role: 1,
  _id: 60c131fc310316a2a5fb0be1,
  name: 'test',
  email: 'defaul@email.com',
  login: 'test',
  password: '$2b$10$0Q6K/Txje6YyqBaJ7F83cOsUz/vz39eNp18wgIDbB7SrcUl5hrZfS',
  created_at: 2021-06-09T21:26:20.207Z,
  updated_at: 2021-06-20T18:58:04.667Z,
  __v: 0,
  session: {
    conversation: { conversation_id: 'a3b427d1-7686-42a7-83e4-184c9cfaf6ee' },
    socketId: '6qLW1ttafy1KIkuMAAAB'
  }
}
[32minfo[39m: jsu8EQgIpF2BOf4aAAAB
[32minfo[39m: The value of PORT is:mongodb://virtual-me-db:04CdcgJ2gXVljQ9rylq5REHzYTnvjUo42neT26pxvMn0cvRcxjBlIJb8Geb0sf1bWeZfEn4GJiDedUcIrpyG9g==@virtual-me-db.mongo.cosmos.azure.com:10255/?ssl=true&retrywrites=false&maxIdleTimeMS=120000&appName=@virtual-me-db@
[32minfo[39m: Express server started on port: 5000
[32minfo[39m: Received SAP CAI API token
[32minfo[39m: [object Object]
[32minfo[39m: Connected to MongoDB
[32minfo[39m: {
  role: 1,
  _id: 60c131fc310316a2a5fb0be1,
  name: 'test',
  email: 'defaul@email.com',
  login: 'test',
  password: '$2b$10$0Q6K/Txje6YyqBaJ7F83cOsUz/vz39eNp18wgIDbB7SrcUl5hrZfS',
  created_at: 2021-06-09T21:26:20.207Z,
  updated_at: 2021-06-20T19:01:13.721Z,
  __v: 0,
  session: {
    conversation: { conversation_id: 'a3b427d1-7686-42a7-83e4-184c9cfaf6ee' },
    socketId: 'jsu8EQgIpF2BOf4aAAAB'
  }
}
[32minfo[39m: QlP8lQV6CsbpapNyAAAB
[32minfo[39m: The value of PORT is:mongodb://virtual-me-db:04CdcgJ2gXVljQ9rylq5REHzYTnvjUo42neT26pxvMn0cvRcxjBlIJb8Geb0sf1bWeZfEn4GJiDedUcIrpyG9g==@virtual-me-db.mongo.cosmos.azure.com:10255/?ssl=true&retrywrites=false&maxIdleTimeMS=120000&appName=@virtual-me-db@
[32minfo[39m: Express server started on port: 5000
[32minfo[39m: Received SAP CAI API token
[32minfo[39m: [object Object]
[32minfo[39m: Connected to MongoDB
[32minfo[39m: {
  role: 1,
  _id: 60c131fc310316a2a5fb0be1,
  name: 'test',
  email: 'defaul@email.com',
  login: 'test',
  password: '$2b$10$0Q6K/Txje6YyqBaJ7F83cOsUz/vz39eNp18wgIDbB7SrcUl5hrZfS',
  created_at: 2021-06-09T21:26:20.207Z,
  updated_at: 2021-06-20T19:26:08.809Z,
  __v: 0,
  session: {
    conversation: { conversation_id: 'a3b427d1-7686-42a7-83e4-184c9cfaf6ee' },
    socketId: 'QlP8lQV6CsbpapNyAAAB'
  }
}
[32minfo[39m: 6bk-5H-zJ1ZmvuJqAAAB
[32minfo[39m: {
  role: 1,
  _id: 60c131fc310316a2a5fb0be1,
  name: 'test',
  email: 'defaul@email.com',
  login: 'test',
  password: '$2b$10$0Q6K/Txje6YyqBaJ7F83cOsUz/vz39eNp18wgIDbB7SrcUl5hrZfS',
  created_at: 2021-06-09T21:26:20.207Z,
  updated_at: 2021-06-20T19:26:22.360Z,
  __v: 0,
  session: {
    conversation: { conversation_id: 'a3b427d1-7686-42a7-83e4-184c9cfaf6ee' },
    socketId: '6bk-5H-zJ1ZmvuJqAAAB'
  }
}
[32minfo[39m: DHw6JjJEPvPni3GEAAAD
[32minfo[39m: {
  role: 1,
  _id: 60c131fc310316a2a5fb0be1,
  name: 'test',
  email: 'defaul@email.com',
  login: 'test',
  password: '$2b$10$0Q6K/Txje6YyqBaJ7F83cOsUz/vz39eNp18wgIDbB7SrcUl5hrZfS',
  created_at: 2021-06-09T21:26:20.207Z,
  updated_at: 2021-06-20T19:26:30.107Z,
  __v: 0,
  session: {
    conversation: { conversation_id: 'a3b427d1-7686-42a7-83e4-184c9cfaf6ee' },
    socketId: 'DHw6JjJEPvPni3GEAAAD'
  }
}
[32minfo[39m: XcVm3_dHV1y0KD12AAAF
[32minfo[39m: {
  role: 1,
  _id: 60c131fc310316a2a5fb0be1,
  name: 'test',
  email: 'defaul@email.com',
  login: 'test',
  password: '$2b$10$0Q6K/Txje6YyqBaJ7F83cOsUz/vz39eNp18wgIDbB7SrcUl5hrZfS',
  created_at: 2021-06-09T21:26:20.207Z,
  updated_at: 2021-06-20T19:27:25.085Z,
  __v: 0,
  session: {
    conversation: { conversation_id: 'a3b427d1-7686-42a7-83e4-184c9cfaf6ee' },
    socketId: 'XcVm3_dHV1y0KD12AAAF'
  }
}
[32minfo[39m: 8hRf8bC51nTsBCReAAAH
[32minfo[39m: {
  role: 1,
  _id: 60c131fc310316a2a5fb0be1,
  name: 'test',
  email: 'defaul@email.com',
  login: 'test',
  password: '$2b$10$0Q6K/Txje6YyqBaJ7F83cOsUz/vz39eNp18wgIDbB7SrcUl5hrZfS',
  created_at: 2021-06-09T21:26:20.207Z,
  updated_at: 2021-06-20T19:27:55.005Z,
  __v: 0,
  session: {
    conversation: { conversation_id: 'a3b427d1-7686-42a7-83e4-184c9cfaf6ee' },
    socketId: '8hRf8bC51nTsBCReAAAH'
  }
}
[32minfo[39m: Qoo61IiT8MZCm8yRAAAJ
[32minfo[39m: {
  role: 1,
  _id: 60c131fc310316a2a5fb0be1,
  name: 'test',
  email: 'defaul@email.com',
  login: 'test',
  password: '$2b$10$0Q6K/Txje6YyqBaJ7F83cOsUz/vz39eNp18wgIDbB7SrcUl5hrZfS',
  created_at: 2021-06-09T21:26:20.207Z,
  updated_at: 2021-06-20T19:29:40.609Z,
  __v: 0,
  session: {
    conversation: { conversation_id: 'a3b427d1-7686-42a7-83e4-184c9cfaf6ee' },
    socketId: 'Qoo61IiT8MZCm8yRAAAJ'
  }
}
[32minfo[39m: wPPwBmoJ7MrZuDpYAAAL
[32minfo[39m: The value of PORT is:mongodb://virtual-me-db:04CdcgJ2gXVljQ9rylq5REHzYTnvjUo42neT26pxvMn0cvRcxjBlIJb8Geb0sf1bWeZfEn4GJiDedUcIrpyG9g==@virtual-me-db.mongo.cosmos.azure.com:10255/?ssl=true&retrywrites=false&maxIdleTimeMS=120000&appName=@virtual-me-db@
[32minfo[39m: Express server started on port: 5000
[32minfo[39m: Received SAP CAI API token
[32minfo[39m: [object Object]
[32minfo[39m: Connected to MongoDB
[32minfo[39m: {
  role: 1,
  _id: 60c131fc310316a2a5fb0be1,
  name: 'test',
  email: 'defaul@email.com',
  login: 'test',
  password: '$2b$10$0Q6K/Txje6YyqBaJ7F83cOsUz/vz39eNp18wgIDbB7SrcUl5hrZfS',
  created_at: 2021-06-09T21:26:20.207Z,
  updated_at: 2021-06-20T19:30:07.987Z,
  __v: 0,
  session: {
    conversation: { conversation_id: 'a3b427d1-7686-42a7-83e4-184c9cfaf6ee' },
    socketId: 'wPPwBmoJ7MrZuDpYAAAL'
  }
}
[32minfo[39m: fS9S31VygMyZ63bxAAAB
[32minfo[39m: The value of PORT is:mongodb://virtual-me-db:04CdcgJ2gXVljQ9rylq5REHzYTnvjUo42neT26pxvMn0cvRcxjBlIJb8Geb0sf1bWeZfEn4GJiDedUcIrpyG9g==@virtual-me-db.mongo.cosmos.azure.com:10255/?ssl=true&retrywrites=false&maxIdleTimeMS=120000&appName=@virtual-me-db@
[32minfo[39m: Express server started on port: 5000
[32minfo[39m: Received SAP CAI API token
[32minfo[39m: [object Object]
[32minfo[39m: Connected to MongoDB
[32minfo[39m: {
  role: 1,
  _id: 60c131fc310316a2a5fb0be1,
  name: 'test',
  email: 'defaul@email.com',
  login: 'test',
  password: '$2b$10$0Q6K/Txje6YyqBaJ7F83cOsUz/vz39eNp18wgIDbB7SrcUl5hrZfS',
  created_at: 2021-06-09T21:26:20.207Z,
  updated_at: 2021-06-20T19:32:21.391Z,
  __v: 0,
  session: {
    conversation: { conversation_id: 'a3b427d1-7686-42a7-83e4-184c9cfaf6ee' },
    socketId: 'fS9S31VygMyZ63bxAAAB'
  }
}
[32minfo[39m: uUPgajymwb-XE9Y4AAAB
[32minfo[39m: The value of PORT is:mongodb://virtual-me-db:04CdcgJ2gXVljQ9rylq5REHzYTnvjUo42neT26pxvMn0cvRcxjBlIJb8Geb0sf1bWeZfEn4GJiDedUcIrpyG9g==@virtual-me-db.mongo.cosmos.azure.com:10255/?ssl=true&retrywrites=false&maxIdleTimeMS=120000&appName=@virtual-me-db@
[32minfo[39m: Express server started on port: 5000
[32minfo[39m: Connected to MongoDB
[32minfo[39m: Received SAP CAI API token
[32minfo[39m: [object Object]
[32minfo[39m: {
  role: 1,
  _id: 60c131fc310316a2a5fb0be1,
  name: 'test',
  email: 'defaul@email.com',
  login: 'test',
  password: '$2b$10$0Q6K/Txje6YyqBaJ7F83cOsUz/vz39eNp18wgIDbB7SrcUl5hrZfS',
  created_at: 2021-06-09T21:26:20.207Z,
  updated_at: 2021-06-20T19:34:12.396Z,
  __v: 0,
  session: {
    conversation: { conversation_id: 'a3b427d1-7686-42a7-83e4-184c9cfaf6ee' },
    socketId: 'uUPgajymwb-XE9Y4AAAB'
  }
}
[32minfo[39m: 4uucJd3dlOoTagcgAAAB
[32minfo[39m: The value of PORT is:mongodb://virtual-me-db:04CdcgJ2gXVljQ9rylq5REHzYTnvjUo42neT26pxvMn0cvRcxjBlIJb8Geb0sf1bWeZfEn4GJiDedUcIrpyG9g==@virtual-me-db.mongo.cosmos.azure.com:10255/?ssl=true&retrywrites=false&maxIdleTimeMS=120000&appName=@virtual-me-db@
[32minfo[39m: Express server started on port: 5000
[32minfo[39m: Received SAP CAI API token
[32minfo[39m: [object Object]
[32minfo[39m: Connected to MongoDB
[32minfo[39m: {
  role: 1,
  _id: 60c131fc310316a2a5fb0be1,
  name: 'test',
  email: 'defaul@email.com',
  login: 'test',
  password: '$2b$10$0Q6K/Txje6YyqBaJ7F83cOsUz/vz39eNp18wgIDbB7SrcUl5hrZfS',
  created_at: 2021-06-09T21:26:20.207Z,
  updated_at: 2021-06-20T19:34:53.141Z,
  __v: 0,
  session: {
    conversation: { conversation_id: 'a3b427d1-7686-42a7-83e4-184c9cfaf6ee' },
    socketId: '4uucJd3dlOoTagcgAAAB'
  }
}
[32minfo[39m: 5p6x3aeuw_MazwFVAAAB
[32minfo[39m: The value of PORT is:mongodb://virtual-me-db:04CdcgJ2gXVljQ9rylq5REHzYTnvjUo42neT26pxvMn0cvRcxjBlIJb8Geb0sf1bWeZfEn4GJiDedUcIrpyG9g==@virtual-me-db.mongo.cosmos.azure.com:10255/?ssl=true&retrywrites=false&maxIdleTimeMS=120000&appName=@virtual-me-db@
[32minfo[39m: Express server started on port: 5000
[32minfo[39m: Received SAP CAI API token
[32minfo[39m: [object Object]
[32minfo[39m: Connected to MongoDB
[32minfo[39m: {
  role: 1,
  _id: 60c131fc310316a2a5fb0be1,
  name: 'test',
  email: 'defaul@email.com',
  login: 'test',
  password: '$2b$10$0Q6K/Txje6YyqBaJ7F83cOsUz/vz39eNp18wgIDbB7SrcUl5hrZfS',
  created_at: 2021-06-09T21:26:20.207Z,
  updated_at: 2021-06-20T19:39:57.808Z,
  __v: 0,
  session: {
    conversation: { conversation_id: 'a3b427d1-7686-42a7-83e4-184c9cfaf6ee' },
    socketId: '5p6x3aeuw_MazwFVAAAB'
  }
}
[32minfo[39m: xk0ftKsflRcpf2qFAAAB
[32minfo[39m: The value of PORT is:mongodb://virtual-me-db:04CdcgJ2gXVljQ9rylq5REHzYTnvjUo42neT26pxvMn0cvRcxjBlIJb8Geb0sf1bWeZfEn4GJiDedUcIrpyG9g==@virtual-me-db.mongo.cosmos.azure.com:10255/?ssl=true&retrywrites=false&maxIdleTimeMS=120000&appName=@virtual-me-db@
[32minfo[39m: Express server started on port: 5000
[32minfo[39m: The value of PORT is:mongodb://virtual-me-db:04CdcgJ2gXVljQ9rylq5REHzYTnvjUo42neT26pxvMn0cvRcxjBlIJb8Geb0sf1bWeZfEn4GJiDedUcIrpyG9g==@virtual-me-db.mongo.cosmos.azure.com:10255/?ssl=true&retrywrites=false&maxIdleTimeMS=120000&appName=@virtual-me-db@
[32minfo[39m: Express server started on port: 5000
[32minfo[39m: Connected to MongoDB
[32minfo[39m: Received SAP CAI API token
[32minfo[39m: [object Object]
[32minfo[39m: {
  role: 1,
  _id: 60c131fc310316a2a5fb0be1,
  name: 'test',
  email: 'defaul@email.com',
  login: 'test',
  password: '$2b$10$0Q6K/Txje6YyqBaJ7F83cOsUz/vz39eNp18wgIDbB7SrcUl5hrZfS',
  created_at: 2021-06-09T21:26:20.207Z,
  updated_at: 2021-06-20T19:40:42.848Z,
  __v: 0,
  session: {
    conversation: { conversation_id: 'a3b427d1-7686-42a7-83e4-184c9cfaf6ee' },
    socketId: 'xk0ftKsflRcpf2qFAAAB'
  }
}
[32minfo[39m: M_nXlItKDoywaklOAAAB
[32minfo[39m: The value of PORT is:mongodb://virtual-me-db:04CdcgJ2gXVljQ9rylq5REHzYTnvjUo42neT26pxvMn0cvRcxjBlIJb8Geb0sf1bWeZfEn4GJiDedUcIrpyG9g==@virtual-me-db.mongo.cosmos.azure.com:10255/?ssl=true&retrywrites=false&maxIdleTimeMS=120000&appName=@virtual-me-db@
[32minfo[39m: Express server started on port: 5000
[32minfo[39m: Received SAP CAI API token
[32minfo[39m: [object Object]
[32minfo[39m: Connected to MongoDB
[32minfo[39m: {
  role: 1,
  _id: 60c131fc310316a2a5fb0be1,
  name: 'test',
  email: 'defaul@email.com',
  login: 'test',
  password: '$2b$10$0Q6K/Txje6YyqBaJ7F83cOsUz/vz39eNp18wgIDbB7SrcUl5hrZfS',
  created_at: 2021-06-09T21:26:20.207Z,
  updated_at: 2021-06-20T19:41:46.715Z,
  __v: 0,
  session: {
    conversation: { conversation_id: 'a3b427d1-7686-42a7-83e4-184c9cfaf6ee' },
    socketId: 'M_nXlItKDoywaklOAAAB'
  }
}
[32minfo[39m: qeK4daY5nxNksxbmAAAB
[32minfo[39m: The value of PORT is:mongodb://virtual-me-db:04CdcgJ2gXVljQ9rylq5REHzYTnvjUo42neT26pxvMn0cvRcxjBlIJb8Geb0sf1bWeZfEn4GJiDedUcIrpyG9g==@virtual-me-db.mongo.cosmos.azure.com:10255/?ssl=true&retrywrites=false&maxIdleTimeMS=120000&appName=@virtual-me-db@
[32minfo[39m: Express server started on port: 5000
[32minfo[39m: Connected to MongoDB
[32minfo[39m: {
  role: 1,
  _id: 60c131fc310316a2a5fb0be1,
  name: 'test',
  email: 'defaul@email.com',
  login: 'test',
  password: '$2b$10$0Q6K/Txje6YyqBaJ7F83cOsUz/vz39eNp18wgIDbB7SrcUl5hrZfS',
  created_at: 2021-06-09T21:26:20.207Z,
  updated_at: 2021-06-20T19:46:20.810Z,
  __v: 0,
  session: {
    conversation: { conversation_id: 'a3b427d1-7686-42a7-83e4-184c9cfaf6ee' },
    socketId: 'qeK4daY5nxNksxbmAAAB'
  }
}
[32minfo[39m: IIECRK8ECaRfMUcNAAAB
[32minfo[39m: Received SAP CAI API token
[32minfo[39m: [object Object]
[32minfo[39m: The value of PORT is:mongodb://virtual-me-db:04CdcgJ2gXVljQ9rylq5REHzYTnvjUo42neT26pxvMn0cvRcxjBlIJb8Geb0sf1bWeZfEn4GJiDedUcIrpyG9g==@virtual-me-db.mongo.cosmos.azure.com:10255/?ssl=true&retrywrites=false&maxIdleTimeMS=120000&appName=@virtual-me-db@
[32minfo[39m: Express server started on port: 5000
[32minfo[39m: Received SAP CAI API token
[32minfo[39m: [object Object]
[32minfo[39m: Connected to MongoDB
[32minfo[39m: {
  role: 1,
  _id: 60c131fc310316a2a5fb0be1,
  name: 'test',
  email: 'defaul@email.com',
  login: 'test',
  password: '$2b$10$0Q6K/Txje6YyqBaJ7F83cOsUz/vz39eNp18wgIDbB7SrcUl5hrZfS',
  created_at: 2021-06-09T21:26:20.207Z,
  updated_at: 2021-06-20T19:48:21.086Z,
  __v: 0,
  session: {
    conversation: { conversation_id: 'a3b427d1-7686-42a7-83e4-184c9cfaf6ee' },
    socketId: 'IIECRK8ECaRfMUcNAAAB'
  }
}
[32minfo[39m: HdiksUtukO7usn3OAAAB
[32minfo[39m: The value of PORT is:mongodb://virtual-me-db:04CdcgJ2gXVljQ9rylq5REHzYTnvjUo42neT26pxvMn0cvRcxjBlIJb8Geb0sf1bWeZfEn4GJiDedUcIrpyG9g==@virtual-me-db.mongo.cosmos.azure.com:10255/?ssl=true&retrywrites=false&maxIdleTimeMS=120000&appName=@virtual-me-db@
[32minfo[39m: Express server started on port: 5000
[32minfo[39m: Received SAP CAI API token
[32minfo[39m: [object Object]
[32minfo[39m: Connected to MongoDB
[32minfo[39m: {
  role: 1,
  _id: 60c131fc310316a2a5fb0be1,
  name: 'test',
  email: 'defaul@email.com',
  login: 'test',
  password: '$2b$10$0Q6K/Txje6YyqBaJ7F83cOsUz/vz39eNp18wgIDbB7SrcUl5hrZfS',
  created_at: 2021-06-09T21:26:20.207Z,
  updated_at: 2021-06-20T19:49:53.244Z,
  __v: 0,
  session: {
    conversation: { conversation_id: 'a3b427d1-7686-42a7-83e4-184c9cfaf6ee' },
    socketId: 'HdiksUtukO7usn3OAAAB'
  }
}
[32minfo[39m: ETElYndAOIU8y_mfAAAB
[32minfo[39m: {
  role: 1,
  _id: 60c131fc310316a2a5fb0be1,
  name: 'test',
  email: 'defaul@email.com',
  login: 'test',
  password: '$2b$10$0Q6K/Txje6YyqBaJ7F83cOsUz/vz39eNp18wgIDbB7SrcUl5hrZfS',
  created_at: 2021-06-09T21:26:20.207Z,
  updated_at: 2021-06-20T19:50:41.446Z,
  __v: 0,
  session: {
    conversation: { conversation_id: 'a3b427d1-7686-42a7-83e4-184c9cfaf6ee' },
    socketId: 'ETElYndAOIU8y_mfAAAB'
  }
}
[32minfo[39m: hp_RKBORO5971KmCAAAD
[32minfo[39m: {
  role: 1,
  _id: 60c131fc310316a2a5fb0be1,
  name: 'test',
  email: 'defaul@email.com',
  login: 'test',
  password: '$2b$10$0Q6K/Txje6YyqBaJ7F83cOsUz/vz39eNp18wgIDbB7SrcUl5hrZfS',
  created_at: 2021-06-09T21:26:20.207Z,
  updated_at: 2021-06-20T19:50:50.794Z,
  __v: 0,
  session: {
    conversation: { conversation_id: 'a3b427d1-7686-42a7-83e4-184c9cfaf6ee' },
    socketId: 'hp_RKBORO5971KmCAAAD'
  }
}
[32minfo[39m: nJIJ4kKjAgU66Ia1AAAF
[32minfo[39m: The value of PORT is:mongodb://virtual-me-db:04CdcgJ2gXVljQ9rylq5REHzYTnvjUo42neT26pxvMn0cvRcxjBlIJb8Geb0sf1bWeZfEn4GJiDedUcIrpyG9g==@virtual-me-db.mongo.cosmos.azure.com:10255/?ssl=true&retrywrites=false&maxIdleTimeMS=120000&appName=@virtual-me-db@
[32minfo[39m: Express server started on port: 5000
[32minfo[39m: Received SAP CAI API token
[32minfo[39m: [object Object]
[32minfo[39m: Connected to MongoDB
[32minfo[39m: {
  role: 1,
  _id: 60c131fc310316a2a5fb0be1,
  name: 'test',
  email: 'defaul@email.com',
  login: 'test',
  password: '$2b$10$0Q6K/Txje6YyqBaJ7F83cOsUz/vz39eNp18wgIDbB7SrcUl5hrZfS',
  created_at: 2021-06-09T21:26:20.207Z,
  updated_at: 2021-06-20T19:51:54.881Z,
  __v: 0,
  session: {
    conversation: { conversation_id: 'a3b427d1-7686-42a7-83e4-184c9cfaf6ee' },
    socketId: 'nJIJ4kKjAgU66Ia1AAAF'
  }
}
[32minfo[39m: g_KEaVKSBSLY6xphAAAB
[32minfo[39m: {
  role: 1,
  _id: 60c131fc310316a2a5fb0be1,
  name: 'test',
  email: 'defaul@email.com',
  login: 'test',
  password: '$2b$10$0Q6K/Txje6YyqBaJ7F83cOsUz/vz39eNp18wgIDbB7SrcUl5hrZfS',
  created_at: 2021-06-09T21:26:20.207Z,
  updated_at: 2021-06-21T16:12:25.402Z,
  __v: 0,
  session: {
    conversation: { conversation_id: 'a3b427d1-7686-42a7-83e4-184c9cfaf6ee' },
    socketId: 'g_KEaVKSBSLY6xphAAAB'
  }
}
[32minfo[39m: _EyqHoiSR-nPr5CSAAAD
[32minfo[39m: The value of PORT is:mongodb://virtual-me-db:04CdcgJ2gXVljQ9rylq5REHzYTnvjUo42neT26pxvMn0cvRcxjBlIJb8Geb0sf1bWeZfEn4GJiDedUcIrpyG9g==@virtual-me-db.mongo.cosmos.azure.com:10255/?ssl=true&retrywrites=false&maxIdleTimeMS=120000&appName=@virtual-me-db@
[32minfo[39m: Express server started on port: 5000
[32minfo[39m: Received SAP CAI API token
[32minfo[39m: [object Object]
[32minfo[39m: Connected to MongoDB
[32minfo[39m: {
  role: 1,
  _id: 60c131fc310316a2a5fb0be1,
  name: 'test',
  email: 'defaul@email.com',
  login: 'test',
  password: '$2b$10$0Q6K/Txje6YyqBaJ7F83cOsUz/vz39eNp18wgIDbB7SrcUl5hrZfS',
  created_at: 2021-06-09T21:26:20.207Z,
  updated_at: 2021-06-21T16:17:42.364Z,
  __v: 0,
  session: {
    conversation: { conversation_id: 'a3b427d1-7686-42a7-83e4-184c9cfaf6ee' },
    socketId: '_EyqHoiSR-nPr5CSAAAD'
  }
}
[32minfo[39m: c7W0cfzBrDb4v57YAAAB
[32minfo[39m: The value of PORT is:mongodb://virtual-me-db:04CdcgJ2gXVljQ9rylq5REHzYTnvjUo42neT26pxvMn0cvRcxjBlIJb8Geb0sf1bWeZfEn4GJiDedUcIrpyG9g==@virtual-me-db.mongo.cosmos.azure.com:10255/?ssl=true&retrywrites=false&maxIdleTimeMS=120000&appName=@virtual-me-db@
[32minfo[39m: Express server started on port: 5000
[32minfo[39m: Received SAP CAI API token
[32minfo[39m: [object Object]
[32minfo[39m: Connected to MongoDB
[32minfo[39m: {
  role: 1,
  _id: 60c131fc310316a2a5fb0be1,
  name: 'test',
  email: 'defaul@email.com',
  login: 'test',
  password: '$2b$10$0Q6K/Txje6YyqBaJ7F83cOsUz/vz39eNp18wgIDbB7SrcUl5hrZfS',
  created_at: 2021-06-09T21:26:20.207Z,
  updated_at: 2021-06-23T16:18:35.091Z,
  __v: 0,
  session: {
    conversation: { conversation_id: 'a3b427d1-7686-42a7-83e4-184c9cfaf6ee' },
    socketId: 'c7W0cfzBrDb4v57YAAAB'
  }
}
[32minfo[39m: Yqva5gCMFFr-_IV_AAAB
[32minfo[39m: The value of PORT is:mongodb://virtual-me-db:04CdcgJ2gXVljQ9rylq5REHzYTnvjUo42neT26pxvMn0cvRcxjBlIJb8Geb0sf1bWeZfEn4GJiDedUcIrpyG9g==@virtual-me-db.mongo.cosmos.azure.com:10255/?ssl=true&retrywrites=false&maxIdleTimeMS=120000&appName=@virtual-me-db@
[32minfo[39m: Express server started on port: 5000
[32minfo[39m: Received SAP CAI API token
[32minfo[39m: [object Object]
[32minfo[39m: Connected to MongoDB
[32minfo[39m: {
  role: 1,
  _id: 60c131fc310316a2a5fb0be1,
  name: 'test',
  email: 'defaul@email.com',
  login: 'test',
  password: '$2b$10$0Q6K/Txje6YyqBaJ7F83cOsUz/vz39eNp18wgIDbB7SrcUl5hrZfS',
  created_at: 2021-06-09T21:26:20.207Z,
  updated_at: 2021-06-24T15:12:40.914Z,
  __v: 0,
  session: {
    conversation: { conversation_id: 'a3b427d1-7686-42a7-83e4-184c9cfaf6ee' },
    socketId: 'Yqva5gCMFFr-_IV_AAAB'
  }
}
[32minfo[39m: Dun-CoRpWzA1de5QAAAB
[32minfo[39m: The value of PORT is:mongodb://virtual-me-db:04CdcgJ2gXVljQ9rylq5REHzYTnvjUo42neT26pxvMn0cvRcxjBlIJb8Geb0sf1bWeZfEn4GJiDedUcIrpyG9g==@virtual-me-db.mongo.cosmos.azure.com:10255/?ssl=true&retrywrites=false&maxIdleTimeMS=120000&appName=@virtual-me-db@
[32minfo[39m: Express server started on port: 5000
[32minfo[39m: Received SAP CAI API token
[32minfo[39m: [object Object]
[32minfo[39m: Connected to MongoDB
[32minfo[39m: {
  role: 1,
  _id: 60c131fc310316a2a5fb0be1,
  name: 'test',
  email: 'defaul@email.com',
  login: 'test',
  password: '$2b$10$0Q6K/Txje6YyqBaJ7F83cOsUz/vz39eNp18wgIDbB7SrcUl5hrZfS',
  created_at: 2021-06-09T21:26:20.207Z,
  updated_at: 2021-06-24T15:14:36.287Z,
  __v: 0,
  session: {
    conversation: { conversation_id: 'a3b427d1-7686-42a7-83e4-184c9cfaf6ee' },
    socketId: 'Dun-CoRpWzA1de5QAAAB'
  }
}
[32minfo[39m: yZBhdky1AjeA5qI-AAAB
[32minfo[39m: The value of PORT is:mongodb://virtual-me-db:04CdcgJ2gXVljQ9rylq5REHzYTnvjUo42neT26pxvMn0cvRcxjBlIJb8Geb0sf1bWeZfEn4GJiDedUcIrpyG9g==@virtual-me-db.mongo.cosmos.azure.com:10255/?ssl=true&retrywrites=false&maxIdleTimeMS=120000&appName=@virtual-me-db@
[32minfo[39m: Express server started on port: 5000
[32minfo[39m: Connected to MongoDB
[32minfo[39m: Received SAP CAI API token
[32minfo[39m: [object Object]
[32minfo[39m: {
  role: 1,
  _id: 60c131fc310316a2a5fb0be1,
  name: 'test',
  email: 'defaul@email.com',
  login: 'test',
  password: '$2b$10$0Q6K/Txje6YyqBaJ7F83cOsUz/vz39eNp18wgIDbB7SrcUl5hrZfS',
  created_at: 2021-06-09T21:26:20.207Z,
  updated_at: 2021-06-24T15:16:21.408Z,
  __v: 0,
  session: {
    conversation: { conversation_id: 'a3b427d1-7686-42a7-83e4-184c9cfaf6ee' },
    socketId: 'yZBhdky1AjeA5qI-AAAB'
  }
}
[32minfo[39m: iqUp3CH-8KIQ3QQlAAAB
[32minfo[39m: The value of PORT is:mongodb://virtual-me-db:04CdcgJ2gXVljQ9rylq5REHzYTnvjUo42neT26pxvMn0cvRcxjBlIJb8Geb0sf1bWeZfEn4GJiDedUcIrpyG9g==@virtual-me-db.mongo.cosmos.azure.com:10255/?ssl=true&retrywrites=false&maxIdleTimeMS=120000&appName=@virtual-me-db@
[32minfo[39m: Express server started on port: 5000
[32minfo[39m: Received SAP CAI API token
[32minfo[39m: [object Object]
[32minfo[39m: Connected to MongoDB
[32minfo[39m: {
  role: 1,
  _id: 60c131fc310316a2a5fb0be1,
  name: 'test',
  email: 'defaul@email.com',
  login: 'test',
  password: '$2b$10$0Q6K/Txje6YyqBaJ7F83cOsUz/vz39eNp18wgIDbB7SrcUl5hrZfS',
  created_at: 2021-06-09T21:26:20.207Z,
  updated_at: 2021-06-24T15:17:19.257Z,
  __v: 0,
  session: {
    conversation: { conversation_id: 'a3b427d1-7686-42a7-83e4-184c9cfaf6ee' },
    socketId: 'iqUp3CH-8KIQ3QQlAAAB'
  }
}
[32minfo[39m: GFW44gtiQfI7hFLNAAAB
[32minfo[39m: The value of PORT is:mongodb://virtual-me-db:04CdcgJ2gXVljQ9rylq5REHzYTnvjUo42neT26pxvMn0cvRcxjBlIJb8Geb0sf1bWeZfEn4GJiDedUcIrpyG9g==@virtual-me-db.mongo.cosmos.azure.com:10255/?ssl=true&retrywrites=false&maxIdleTimeMS=120000&appName=@virtual-me-db@
[32minfo[39m: Express server started on port: 5000
[32minfo[39m: Received SAP CAI API token
[32minfo[39m: [object Object]
[32minfo[39m: Connected to MongoDB
[32minfo[39m: The value of PORT is:mongodb://virtual-me-db:04CdcgJ2gXVljQ9rylq5REHzYTnvjUo42neT26pxvMn0cvRcxjBlIJb8Geb0sf1bWeZfEn4GJiDedUcIrpyG9g==@virtual-me-db.mongo.cosmos.azure.com:10255/?ssl=true&retrywrites=false&maxIdleTimeMS=120000&appName=@virtual-me-db@
[32minfo[39m: Express server started on port: 5000
[32minfo[39m: Received SAP CAI API token
[32minfo[39m: [object Object]
[32minfo[39m: Connected to MongoDB
[32minfo[39m: The value of PORT is:mongodb://virtual-me-db:04CdcgJ2gXVljQ9rylq5REHzYTnvjUo42neT26pxvMn0cvRcxjBlIJb8Geb0sf1bWeZfEn4GJiDedUcIrpyG9g==@virtual-me-db.mongo.cosmos.azure.com:10255/?ssl=true&retrywrites=false&maxIdleTimeMS=120000&appName=@virtual-me-db@
[32minfo[39m: Express server started on port: 5000
[32minfo[39m: Received SAP CAI API token
[32minfo[39m: [object Object]
[32minfo[39m: Connected to MongoDB
[32minfo[39m: The value of PORT is:mongodb://virtual-me-db:04CdcgJ2gXVljQ9rylq5REHzYTnvjUo42neT26pxvMn0cvRcxjBlIJb8Geb0sf1bWeZfEn4GJiDedUcIrpyG9g==@virtual-me-db.mongo.cosmos.azure.com:10255/?ssl=true&retrywrites=false&maxIdleTimeMS=120000&appName=@virtual-me-db@
[32minfo[39m: Express server started on port: 5000
[32minfo[39m: Received SAP CAI API token
[32minfo[39m: [object Object]
[32minfo[39m: Connected to MongoDB
[32minfo[39m: The value of PORT is:mongodb://virtual-me-db:04CdcgJ2gXVljQ9rylq5REHzYTnvjUo42neT26pxvMn0cvRcxjBlIJb8Geb0sf1bWeZfEn4GJiDedUcIrpyG9g==@virtual-me-db.mongo.cosmos.azure.com:10255/?ssl=true&retrywrites=false&maxIdleTimeMS=120000&appName=@virtual-me-db@
[32minfo[39m: Express server started on port: 5000
[32minfo[39m: Received SAP CAI API token
[32minfo[39m: [object Object]
[32minfo[39m: Connected to MongoDB
[32minfo[39m: The value of PORT is:mongodb://virtual-me-db:04CdcgJ2gXVljQ9rylq5REHzYTnvjUo42neT26pxvMn0cvRcxjBlIJb8Geb0sf1bWeZfEn4GJiDedUcIrpyG9g==@virtual-me-db.mongo.cosmos.azure.com:10255/?ssl=true&retrywrites=false&maxIdleTimeMS=120000&appName=@virtual-me-db@
[32minfo[39m: Express server started on port: 5000
[32minfo[39m: Received SAP CAI API token
[32minfo[39m: [object Object]
[32minfo[39m: Connected to MongoDB
[31merror[39m: User validation failed: email: Path `email` is required. {"errors":{"email":{"name":"ValidatorError","message":"Path `email` is required.","properties":{"message":"Path `email` is required.","type":"required","path":"email"},"kind":"required","path":"email"}},"_message":"User validation failed"}
[32minfo[39m: The value of PORT is:mongodb://virtual-me-db:04CdcgJ2gXVljQ9rylq5REHzYTnvjUo42neT26pxvMn0cvRcxjBlIJb8Geb0sf1bWeZfEn4GJiDedUcIrpyG9g==@virtual-me-db.mongo.cosmos.azure.com:10255/?ssl=true&retrywrites=false&maxIdleTimeMS=120000&appName=@virtual-me-db@
[32minfo[39m: Express server started on port: 5000
[32minfo[39m: Received SAP CAI API token
[32minfo[39m: [object Object]
[32minfo[39m: Connected to MongoDB
[31merror[39m: login failed
[31merror[39m: Cannot read property 'token' of undefined
[31merror[39m: Cannot read property 'token' of undefined
[31merror[39m: Cannot read property 'token' of undefined
[32minfo[39m: {
  role: 1,
  _id: 60c131fc310316a2a5fb0be1,
  name: 'test',
  email: 'defaul@email.com',
  login: 'test',
  password: '$2b$10$0Q6K/Txje6YyqBaJ7F83cOsUz/vz39eNp18wgIDbB7SrcUl5hrZfS',
  created_at: 2021-06-09T21:26:20.207Z,
  updated_at: 2021-06-24T15:23:26.493Z,
  __v: 0,
  session: {
    conversation: { conversation_id: 'a3b427d1-7686-42a7-83e4-184c9cfaf6ee' },
    socketId: 'GFW44gtiQfI7hFLNAAAB'
  }
}
[32minfo[39m: EjL086t_xLejWiedAAAB
[32minfo[39m: {
  role: 1,
  _id: 60c131fc310316a2a5fb0be1,
  name: 'test',
  email: 'defaul@email.com',
  login: 'test',
  password: '$2b$10$0Q6K/Txje6YyqBaJ7F83cOsUz/vz39eNp18wgIDbB7SrcUl5hrZfS',
  created_at: 2021-06-09T21:26:20.207Z,
  updated_at: 2021-06-24T16:02:29.958Z,
  __v: 0,
  session: {
    conversation: { conversation_id: 'a3b427d1-7686-42a7-83e4-184c9cfaf6ee' },
    socketId: ''
  }
}
[32minfo[39m: tly_owEua2UNMpXmAAAD
[32minfo[39m: The value of PORT is:mongodb://virtual-me-db:04CdcgJ2gXVljQ9rylq5REHzYTnvjUo42neT26pxvMn0cvRcxjBlIJb8Geb0sf1bWeZfEn4GJiDedUcIrpyG9g==@virtual-me-db.mongo.cosmos.azure.com:10255/?ssl=true&retrywrites=false&maxIdleTimeMS=120000&appName=@virtual-me-db@
[32minfo[39m: Express server started on port: 5000
[32minfo[39m: Received SAP CAI API token
[32minfo[39m: [object Object]
[32minfo[39m: Connected to MongoDB
[32minfo[39m: The value of PORT is:mongodb://virtual-me-db:04CdcgJ2gXVljQ9rylq5REHzYTnvjUo42neT26pxvMn0cvRcxjBlIJb8Geb0sf1bWeZfEn4GJiDedUcIrpyG9g==@virtual-me-db.mongo.cosmos.azure.com:10255/?ssl=true&retrywrites=false&maxIdleTimeMS=120000&appName=@virtual-me-db@
[32minfo[39m: Express server started on port: 5000
[32minfo[39m: Connected to MongoDB
[32minfo[39m: Received SAP CAI API token
[32minfo[39m: [object Object]
[32minfo[39m: The value of PORT is:mongodb://virtual-me-db:04CdcgJ2gXVljQ9rylq5REHzYTnvjUo42neT26pxvMn0cvRcxjBlIJb8Geb0sf1bWeZfEn4GJiDedUcIrpyG9g==@virtual-me-db.mongo.cosmos.azure.com:10255/?ssl=true&retrywrites=false&maxIdleTimeMS=120000&appName=@virtual-me-db@
[32minfo[39m: Express server started on port: 5000
[32minfo[39m: Received SAP CAI API token
[32minfo[39m: [object Object]
[32minfo[39m: Connected to MongoDB
[32minfo[39m: The value of PORT is:mongodb://virtual-me-db:04CdcgJ2gXVljQ9rylq5REHzYTnvjUo42neT26pxvMn0cvRcxjBlIJb8Geb0sf1bWeZfEn4GJiDedUcIrpyG9g==@virtual-me-db.mongo.cosmos.azure.com:10255/?ssl=true&retrywrites=false&maxIdleTimeMS=120000&appName=@virtual-me-db@
[32minfo[39m: Express server started on port: 5000
[32minfo[39m: Received SAP CAI API token
[32minfo[39m: [object Object]
[32minfo[39m: Connected to MongoDB
[32minfo[39m: The value of PORT is:mongodb://virtual-me-db:04CdcgJ2gXVljQ9rylq5REHzYTnvjUo42neT26pxvMn0cvRcxjBlIJb8Geb0sf1bWeZfEn4GJiDedUcIrpyG9g==@virtual-me-db.mongo.cosmos.azure.com:10255/?ssl=true&retrywrites=false&maxIdleTimeMS=120000&appName=@virtual-me-db@
[32minfo[39m: Express server started on port: 5000
[32minfo[39m: Received SAP CAI API token
[32minfo[39m: [object Object]
[32minfo[39m: Connected to MongoDB
[32minfo[39m: The value of PORT is:mongodb://virtual-me-db:04CdcgJ2gXVljQ9rylq5REHzYTnvjUo42neT26pxvMn0cvRcxjBlIJb8Geb0sf1bWeZfEn4GJiDedUcIrpyG9g==@virtual-me-db.mongo.cosmos.azure.com:10255/?ssl=true&retrywrites=false&maxIdleTimeMS=120000&appName=@virtual-me-db@
[32minfo[39m: Express server started on port: 5000
[32minfo[39m: Received SAP CAI API token
[32minfo[39m: [object Object]
[32minfo[39m: Connected to MongoDB
[32minfo[39m: The value of PORT is:mongodb://virtual-me-db:04CdcgJ2gXVljQ9rylq5REHzYTnvjUo42neT26pxvMn0cvRcxjBlIJb8Geb0sf1bWeZfEn4GJiDedUcIrpyG9g==@virtual-me-db.mongo.cosmos.azure.com:10255/?ssl=true&retrywrites=false&maxIdleTimeMS=120000&appName=@virtual-me-db@
[32minfo[39m: Express server started on port: 5000
[32minfo[39m: Received SAP CAI API token
[32minfo[39m: [object Object]
[32minfo[39m: Connected to MongoDB
[32minfo[39m: The value of PORT is:mongodb://virtual-me-db:04CdcgJ2gXVljQ9rylq5REHzYTnvjUo42neT26pxvMn0cvRcxjBlIJb8Geb0sf1bWeZfEn4GJiDedUcIrpyG9g==@virtual-me-db.mongo.cosmos.azure.com:10255/?ssl=true&retrywrites=false&maxIdleTimeMS=120000&appName=@virtual-me-db@
[32minfo[39m: Express server started on port: 5000
[32minfo[39m: Received SAP CAI API token
[32minfo[39m: [object Object]
[32minfo[39m: Connected to MongoDB
[32minfo[39m: The value of PORT is:mongodb://virtual-me-db:04CdcgJ2gXVljQ9rylq5REHzYTnvjUo42neT26pxvMn0cvRcxjBlIJb8Geb0sf1bWeZfEn4GJiDedUcIrpyG9g==@virtual-me-db.mongo.cosmos.azure.com:10255/?ssl=true&retrywrites=false&maxIdleTimeMS=120000&appName=@virtual-me-db@
[32minfo[39m: Express server started on port: 5000
[32minfo[39m: Connected to MongoDB
[32minfo[39m: Received SAP CAI API token
[32minfo[39m: [object Object]
[32minfo[39m: The value of PORT is:mongodb://virtual-me-db:04CdcgJ2gXVljQ9rylq5REHzYTnvjUo42neT26pxvMn0cvRcxjBlIJb8Geb0sf1bWeZfEn4GJiDedUcIrpyG9g==@virtual-me-db.mongo.cosmos.azure.com:10255/?ssl=true&retrywrites=false&maxIdleTimeMS=120000&appName=@virtual-me-db@
[32minfo[39m: Express server started on port: 5000
[32minfo[39m: Received SAP CAI API token
[32minfo[39m: [object Object]
[32minfo[39m: Connected to MongoDB
[32minfo[39m: The value of PORT is:mongodb://virtual-me-db:04CdcgJ2gXVljQ9rylq5REHzYTnvjUo42neT26pxvMn0cvRcxjBlIJb8Geb0sf1bWeZfEn4GJiDedUcIrpyG9g==@virtual-me-db.mongo.cosmos.azure.com:10255/?ssl=true&retrywrites=false&maxIdleTimeMS=120000&appName=@virtual-me-db@
[32minfo[39m: Express server started on port: 5000
[32minfo[39m: Connected to MongoDB
[32minfo[39m: Received SAP CAI API token
[32minfo[39m: [object Object]
[32minfo[39m: The value of PORT is:mongodb://virtual-me-db:04CdcgJ2gXVljQ9rylq5REHzYTnvjUo42neT26pxvMn0cvRcxjBlIJb8Geb0sf1bWeZfEn4GJiDedUcIrpyG9g==@virtual-me-db.mongo.cosmos.azure.com:10255/?ssl=true&retrywrites=false&maxIdleTimeMS=120000&appName=@virtual-me-db@
[32minfo[39m: Express server started on port: 5000
[32minfo[39m: Received SAP CAI API token
[32minfo[39m: [object Object]
[32minfo[39m: Connected to MongoDB
[31merror[39m: Cannot read property 'token' of undefined
[32minfo[39m: The value of PORT is:mongodb://virtual-me-db:04CdcgJ2gXVljQ9rylq5REHzYTnvjUo42neT26pxvMn0cvRcxjBlIJb8Geb0sf1bWeZfEn4GJiDedUcIrpyG9g==@virtual-me-db.mongo.cosmos.azure.com:10255/?ssl=true&retrywrites=false&maxIdleTimeMS=120000&appName=@virtual-me-db@
[32minfo[39m: Express server started on port: 5000
[32minfo[39m: Received SAP CAI API token
[32minfo[39m: [object Object]
[32minfo[39m: Connected to MongoDB
[32minfo[39m: The value of PORT is:mongodb://virtual-me-db:04CdcgJ2gXVljQ9rylq5REHzYTnvjUo42neT26pxvMn0cvRcxjBlIJb8Geb0sf1bWeZfEn4GJiDedUcIrpyG9g==@virtual-me-db.mongo.cosmos.azure.com:10255/?ssl=true&retrywrites=false&maxIdleTimeMS=120000&appName=@virtual-me-db@
[32minfo[39m: Express server started on port: 5000
[32minfo[39m: Connected to MongoDB
[32minfo[39m: Received SAP CAI API token
[32minfo[39m: [object Object]
[32minfo[39m: The value of PORT is:mongodb://virtual-me-db:04CdcgJ2gXVljQ9rylq5REHzYTnvjUo42neT26pxvMn0cvRcxjBlIJb8Geb0sf1bWeZfEn4GJiDedUcIrpyG9g==@virtual-me-db.mongo.cosmos.azure.com:10255/?ssl=true&retrywrites=false&maxIdleTimeMS=120000&appName=@virtual-me-db@
[32minfo[39m: Express server started on port: 5000
[32minfo[39m: Received SAP CAI API token
[32minfo[39m: [object Object]
[32minfo[39m: Connected to MongoDB
[32minfo[39m: The value of PORT is:mongodb://virtual-me-db:04CdcgJ2gXVljQ9rylq5REHzYTnvjUo42neT26pxvMn0cvRcxjBlIJb8Geb0sf1bWeZfEn4GJiDedUcIrpyG9g==@virtual-me-db.mongo.cosmos.azure.com:10255/?ssl=true&retrywrites=false&maxIdleTimeMS=120000&appName=@virtual-me-db@
[32minfo[39m: Express server started on port: 5000
[32minfo[39m: Received SAP CAI API token
[32minfo[39m: [object Object]
[32minfo[39m: Connected to MongoDB
[32minfo[39m: The value of PORT is:mongodb://virtual-me-db:04CdcgJ2gXVljQ9rylq5REHzYTnvjUo42neT26pxvMn0cvRcxjBlIJb8Geb0sf1bWeZfEn4GJiDedUcIrpyG9g==@virtual-me-db.mongo.cosmos.azure.com:10255/?ssl=true&retrywrites=false&maxIdleTimeMS=120000&appName=@virtual-me-db@
[32minfo[39m: Express server started on port: 5000
[32minfo[39m: Connected to MongoDB
[32minfo[39m: Received SAP CAI API token
[32minfo[39m: [object Object]
[32minfo[39m: The value of PORT is:mongodb://virtual-me-db:04CdcgJ2gXVljQ9rylq5REHzYTnvjUo42neT26pxvMn0cvRcxjBlIJb8Geb0sf1bWeZfEn4GJiDedUcIrpyG9g==@virtual-me-db.mongo.cosmos.azure.com:10255/?ssl=true&retrywrites=false&maxIdleTimeMS=120000&appName=@virtual-me-db@
[32minfo[39m: Express server started on port: 5000
[32minfo[39m: Received SAP CAI API token
[32minfo[39m: [object Object]
[32minfo[39m: Connected to MongoDB
[32minfo[39m: The value of PORT is:mongodb://virtual-me-db:04CdcgJ2gXVljQ9rylq5REHzYTnvjUo42neT26pxvMn0cvRcxjBlIJb8Geb0sf1bWeZfEn4GJiDedUcIrpyG9g==@virtual-me-db.mongo.cosmos.azure.com:10255/?ssl=true&retrywrites=false&maxIdleTimeMS=120000&appName=@virtual-me-db@
[32minfo[39m: Express server started on port: 5000
[32minfo[39m: Received SAP CAI API token
[32minfo[39m: [object Object]
[32minfo[39m: Connected to MongoDB
[31merror[39m: Cannot read property 'token' of undefined
[32minfo[39m: The value of PORT is:mongodb://virtual-me-db:04CdcgJ2gXVljQ9rylq5REHzYTnvjUo42neT26pxvMn0cvRcxjBlIJb8Geb0sf1bWeZfEn4GJiDedUcIrpyG9g==@virtual-me-db.mongo.cosmos.azure.com:10255/?ssl=true&retrywrites=false&maxIdleTimeMS=120000&appName=@virtual-me-db@
[32minfo[39m: Express server started on port: 5000
[32minfo[39m: Received SAP CAI API token
[32minfo[39m: [object Object]
[32minfo[39m: Connected to MongoDB
[32minfo[39m: The value of PORT is:mongodb://virtual-me-db:04CdcgJ2gXVljQ9rylq5REHzYTnvjUo42neT26pxvMn0cvRcxjBlIJb8Geb0sf1bWeZfEn4GJiDedUcIrpyG9g==@virtual-me-db.mongo.cosmos.azure.com:10255/?ssl=true&retrywrites=false&maxIdleTimeMS=120000&appName=@virtual-me-db@
[32minfo[39m: Express server started on port: 5000
[32minfo[39m: Connected to MongoDB
[32minfo[39m: Received SAP CAI API token
[32minfo[39m: [object Object]
[32minfo[39m: The value of PORT is:mongodb://virtual-me-db:04CdcgJ2gXVljQ9rylq5REHzYTnvjUo42neT26pxvMn0cvRcxjBlIJb8Geb0sf1bWeZfEn4GJiDedUcIrpyG9g==@virtual-me-db.mongo.cosmos.azure.com:10255/?ssl=true&retrywrites=false&maxIdleTimeMS=120000&appName=@virtual-me-db@
[32minfo[39m: Express server started on port: 5000
[32minfo[39m: Received SAP CAI API token
[32minfo[39m: [object Object]
[32minfo[39m: Connected to MongoDB
[32minfo[39m: The value of PORT is:mongodb://virtual-me-db:04CdcgJ2gXVljQ9rylq5REHzYTnvjUo42neT26pxvMn0cvRcxjBlIJb8Geb0sf1bWeZfEn4GJiDedUcIrpyG9g==@virtual-me-db.mongo.cosmos.azure.com:10255/?ssl=true&retrywrites=false&maxIdleTimeMS=120000&appName=@virtual-me-db@
[32minfo[39m: Express server started on port: 5000
[32minfo[39m: Received SAP CAI API token
[32minfo[39m: [object Object]
[32minfo[39m: Connected to MongoDB
[32minfo[39m: The value of PORT is:mongodb://virtual-me-db:04CdcgJ2gXVljQ9rylq5REHzYTnvjUo42neT26pxvMn0cvRcxjBlIJb8Geb0sf1bWeZfEn4GJiDedUcIrpyG9g==@virtual-me-db.mongo.cosmos.azure.com:10255/?ssl=true&retrywrites=false&maxIdleTimeMS=120000&appName=@virtual-me-db@
[32minfo[39m: Express server started on port: 5000
[32minfo[39m: Received SAP CAI API token
[32minfo[39m: [object Object]
[32minfo[39m: Connected to MongoDB
[32minfo[39m: {
  role: 1,
  _id: 60c131fc310316a2a5fb0be1,
  name: 'test',
  email: 'defaul@email.com',
  login: 'test',
  password: '$2b$10$0Q6K/Txje6YyqBaJ7F83cOsUz/vz39eNp18wgIDbB7SrcUl5hrZfS',
  created_at: 2021-06-09T21:26:20.207Z,
  updated_at: 2021-06-24T17:12:42.374Z,
  __v: 0,
  session: {
    conversation: { conversation_id: 'a3b427d1-7686-42a7-83e4-184c9cfaf6ee' },
    socketId: ''
  }
}
[32minfo[39m: rpA1oXAZaOo_I1qXAAAB
[31merror[39m: Cannot read property 'token' of undefined
[32minfo[39m: The value of PORT is:mongodb://virtual-me-db:04CdcgJ2gXVljQ9rylq5REHzYTnvjUo42neT26pxvMn0cvRcxjBlIJb8Geb0sf1bWeZfEn4GJiDedUcIrpyG9g==@virtual-me-db.mongo.cosmos.azure.com:10255/?ssl=true&retrywrites=false&maxIdleTimeMS=120000&appName=@virtual-me-db@
[32minfo[39m: Express server started on port: 5000
[32minfo[39m: Received SAP CAI API token
[32minfo[39m: [object Object]
[32minfo[39m: Connected to MongoDB
[32minfo[39m: {
  role: 1,
  _id: 60c131fc310316a2a5fb0be1,
  name: 'test',
  email: 'defaul@email.com',
  login: 'test',
  password: '$2b$10$0Q6K/Txje6YyqBaJ7F83cOsUz/vz39eNp18wgIDbB7SrcUl5hrZfS',
  created_at: 2021-06-09T21:26:20.207Z,
  updated_at: 2021-07-14T11:34:30.553Z,
  __v: 0,
  session: {
    conversation: { conversation_id: 'a3b427d1-7686-42a7-83e4-184c9cfaf6ee' },
    socketId: 'rpA1oXAZaOo_I1qXAAAB'
  }
}
[32minfo[39m: 5UgkuxOBAGbvN6TpAAAB
[31merror[39m: Cv validation failed: skills.0.type: `Programming` is not a valid enum value for path `type`. {"errors":{"skills.0.type":{"name":"ValidatorError","message":"`Programming` is not a valid enum value for path `type`.","properties":{"message":"`Programming` is not a valid enum value for path `type`.","type":"enum","enumValues":["technical","methodology","software","language"],"path":"type","value":"Programming"},"kind":"enum","path":"type","value":"Programming"}},"_message":"Cv validation failed"}
[32minfo[39m: The value of PORT is:mongodb://virtual-me-db:04CdcgJ2gXVljQ9rylq5REHzYTnvjUo42neT26pxvMn0cvRcxjBlIJb8Geb0sf1bWeZfEn4GJiDedUcIrpyG9g==@virtual-me-db.mongo.cosmos.azure.com:10255/?ssl=true&retrywrites=false&maxIdleTimeMS=120000&appName=@virtual-me-db@
[32minfo[39m: Express server started on port: 5000
[32minfo[39m: Received SAP CAI API token
[32minfo[39m: [object Object]
[32minfo[39m: Connected to MongoDB
[32minfo[39m: {
  role: 1,
  _id: 60c131fc310316a2a5fb0be1,
  name: 'test',
  email: 'defaul@email.com',
  login: 'test',
  password: '$2b$10$0Q6K/Txje6YyqBaJ7F83cOsUz/vz39eNp18wgIDbB7SrcUl5hrZfS',
  created_at: 2021-06-09T21:26:20.207Z,
  updated_at: 2021-07-14T12:14:05.859Z,
  __v: 0,
  session: {
    conversation: { conversation_id: 'a3b427d1-7686-42a7-83e4-184c9cfaf6ee' },
    socketId: '5UgkuxOBAGbvN6TpAAAB'
  }
}
[32minfo[39m: 9Haqx_4t35f3RgsoAAAB
[31merror[39m: Cv validation failed: skills.0.type: `Programming` is not a valid enum value for path `type`. {"errors":{"skills.0.type":{"name":"ValidatorError","message":"`Programming` is not a valid enum value for path `type`.","properties":{"message":"`Programming` is not a valid enum value for path `type`.","type":"enum","enumValues":["programming","technical","methodology","software","language"],"path":"type","value":"Programming"},"kind":"enum","path":"type","value":"Programming"}},"_message":"Cv validation failed"}
[32minfo[39m: The value of PORT is:mongodb://virtual-me-db:04CdcgJ2gXVljQ9rylq5REHzYTnvjUo42neT26pxvMn0cvRcxjBlIJb8Geb0sf1bWeZfEn4GJiDedUcIrpyG9g==@virtual-me-db.mongo.cosmos.azure.com:10255/?ssl=true&retrywrites=false&maxIdleTimeMS=120000&appName=@virtual-me-db@
[32minfo[39m: Express server started on port: 5000
[32minfo[39m: Received SAP CAI API token
[32minfo[39m: [object Object]
[32minfo[39m: Connected to MongoDB
[32minfo[39m: {
  role: 1,
  _id: 60c131fc310316a2a5fb0be1,
  name: 'test',
  email: 'defaul@email.com',
  login: 'test',
  password: '$2b$10$0Q6K/Txje6YyqBaJ7F83cOsUz/vz39eNp18wgIDbB7SrcUl5hrZfS',
  created_at: 2021-06-09T21:26:20.207Z,
  updated_at: 2021-07-14T12:34:34.143Z,
  __v: 0,
  session: {
    conversation: { conversation_id: 'a3b427d1-7686-42a7-83e4-184c9cfaf6ee' },
    socketId: '9Haqx_4t35f3RgsoAAAB'
  }
}
[32minfo[39m: 1qT9PdigFioxIshUAAAB
